# JRE version: OpenJDK Runtime Environment (15.0.2+7) (build 15.0.2+7-27)
# Java VM: OpenJDK 64-Bit Server VM (15.0.2+7-27, mixed mode, tiered, compressed oops, g1 gc, windows-amd64)
GC Precious Log:
 CPUs: 2 total, 2 available
 Memory: 2047M
 Large Page Support: Disabled
 NUMA Support: Disabled
 Compressed Oops: Enabled (32-bit)
 Heap Region Size: 1M
 Heap Min Capacity: 8M
 Heap Initial Capacity: 32M
 Heap Max Capacity: 512M
 Pre-touch: Disabled
 Parallel Workers: 2
 Concurrent Workers: 1
 Concurrent Refinement Workers: 2
 Periodic GC: Disabled
Heap:
 garbage-first heap   total 81920K, used 24120K [0x00000000e0000000, 0x0000000100000000)
  region size 1024K, 2 young (2048K), 2 survivors (2048K)
 Metaspace       used 59501K, capacity 60019K, committed 60160K, reserved 1101824K
  class space    used 7745K, capacity 7907K, committed 7936K, reserved 1048576K
GC Heap History (20 events):
Event: 4.115 GC heap after
{Heap after GC invocations=13 (full 0):
 garbage-first heap   total 46080K, used 12086K [0x00000000e0000000, 0x0000000100000000)
  region size 1024K, 3 young (3072K), 3 survivors (3072K)
 Metaspace       used 30005K, capacity 30481K, committed 30720K, reserved 1077248K
  class space    used 3576K, capacity 3738K, committed 3840K, reserved 1048576K
}
Event: 4.669 GC heap before
{Heap before GC invocations=13 (full 0):
 garbage-first heap   total 46080K, used 34614K [0x00000000e0000000, 0x0000000100000000)
  region size 1024K, 26 young (26624K), 3 survivors (3072K)
 Metaspace       used 32132K, capacity 32602K, committed 32768K, reserved 1077248K
  class space    used 3903K, capacity 4054K, committed 4096K, reserved 1048576K
}
Event: 4.680 GC heap after
{Heap after GC invocations=14 (full 0):
 garbage-first heap   total 46080K, used 13222K [0x00000000e0000000, 0x0000000100000000)
  region size 1024K, 3 young (3072K), 3 survivors (3072K)
 Metaspace       used 32132K, capacity 32602K, committed 32768K, reserved 1077248K
  class space    used 3903K, capacity 4054K, committed 4096K, reserved 1048576K
}
Event: 5.439 GC heap before
{Heap before GC invocations=14 (full 0):
 garbage-first heap   total 46080K, used 34726K [0x00000000e0000000, 0x0000000100000000)
  region size 1024K, 25 young (25600K), 3 survivors (3072K)
 Metaspace       used 35184K, capacity 35729K, committed 35840K, reserved 1081344K
  class space    used 4365K, capacity 4551K, committed 4608K, reserved 1048576K
}
Event: 5.452 GC heap after
{Heap after GC invocations=15 (full 0):
 garbage-first heap   total 55296K, used 14780K [0x00000000e0000000, 0x0000000100000000)
  region size 1024K, 4 young (4096K), 4 survivors (4096K)
 Metaspace       used 35184K, capacity 35729K, committed 35840K, reserved 1081344K
  class space    used 4365K, capacity 4551K, committed 4608K, reserved 1048576K
}
Event: 5.462 GC heap before
{Heap before GC invocations=15 (full 0):
 garbage-first heap   total 55296K, used 14780K [0x00000000e0000000, 0x0000000100000000)
  region size 1024K, 5 young (5120K), 4 survivors (4096K)
 Metaspace       used 35242K, capacity 35729K, committed 35840K, reserved 1081344K
  class space    used 4374K, capacity 4551K, committed 4608K, reserved 1048576K
}
Event: 5.474 GC heap after
{Heap after GC invocations=16 (full 0):
 garbage-first heap   total 55296K, used 14861K [0x00000000e0000000, 0x0000000100000000)
  region size 1024K, 2 young (2048K), 2 survivors (2048K)
 Metaspace       used 35242K, capacity 35729K, committed 35840K, reserved 1081344K
  class space    used 4374K, capacity 4551K, committed 4608K, reserved 1048576K
}
Event: 6.070 GC heap before
{Heap before GC invocations=17 (full 0):
 garbage-first heap   total 55296K, used 43533K [0x00000000e0000000, 0x0000000100000000)
  region size 1024K, 31 young (31744K), 2 survivors (2048K)
 Metaspace       used 38087K, capacity 38629K, committed 38784K, reserved 1083392K
  class space    used 4769K, capacity 4943K, committed 4992K, reserved 1048576K
}
Event: 6.080 GC heap after
{Heap after GC invocations=18 (full 0):
 garbage-first heap   total 55296K, used 16564K [0x00000000e0000000, 0x0000000100000000)
  region size 1024K, 4 young (4096K), 4 survivors (4096K)
 Metaspace       used 38087K, capacity 38629K, committed 38784K, reserved 1083392K
  class space    used 4769K, capacity 4943K, committed 4992K, reserved 1048576K
}
Event: 6.111 GC heap before
{Heap before GC invocations=18 (full 0):
 garbage-first heap   total 55296K, used 42164K [0x00000000e0000000, 0x0000000100000000)
  region size 1024K, 30 young (30720K), 4 survivors (4096K)
 Metaspace       used 38087K, capacity 38629K, committed 38784K, reserved 1083392K
  class space    used 4769K, capacity 4943K, committed 4992K, reserved 1048576K
}
Event: 6.121 GC heap after
{Heap after GC invocations=19 (full 0):
 garbage-first heap   total 55296K, used 16635K [0x00000000e0000000, 0x0000000100000000)
  region size 1024K, 2 young (2048K), 2 survivors (2048K)
 Metaspace       used 38087K, capacity 38629K, committed 38784K, reserved 1083392K
  class space    used 4769K, capacity 4943K, committed 4992K, reserved 1048576K
}
Event: 6.218 GC heap before
{Heap before GC invocations=19 (full 0):
 garbage-first heap   total 55296K, used 43259K [0x00000000e0000000, 0x0000000100000000)
  region size 1024K, 29 young (29696K), 2 survivors (2048K)
 Metaspace       used 38552K, capacity 39045K, committed 39296K, reserved 1083392K
  class space    used 4810K, capacity 4975K, committed 4992K, reserved 1048576K
}
Event: 6.225 GC heap after
{Heap after GC invocations=20 (full 0):
 garbage-first heap   total 67584K, used 16847K [0x00000000e0000000, 0x0000000100000000)
  region size 1024K, 3 young (3072K), 3 survivors (3072K)
 Metaspace       used 38552K, capacity 39045K, committed 39296K, reserved 1083392K
  class space    used 4810K, capacity 4975K, committed 4992K, reserved 1048576K
}
Event: 6.832 GC heap before
{Heap before GC invocations=20 (full 0):
 garbage-first heap   total 67584K, used 52687K [0x00000000e0000000, 0x0000000100000000)
  region size 1024K, 39 young (39936K), 3 survivors (3072K)
 Metaspace       used 43077K, capacity 43595K, committed 43648K, reserved 1087488K
  class space    used 5288K, capacity 5489K, committed 5504K, reserved 1048576K
}
Event: 6.840 GC heap after
{Heap after GC invocations=21 (full 0):
 garbage-first heap   total 67584K, used 18095K [0x00000000e0000000, 0x0000000100000000)
  region size 1024K, 4 young (4096K), 4 survivors (4096K)
 Metaspace       used 43077K, capacity 43595K, committed 43648K, reserved 1087488K
  class space    used 5288K, capacity 5489K, committed 5504K, reserved 1048576K
}
Event: 8.192 GC heap before
{Heap before GC invocations=21 (full 0):
 garbage-first heap   total 67584K, used 55983K [0x00000000e0000000, 0x0000000100000000)
  region size 1024K, 39 young (39936K), 4 survivors (4096K)
 Metaspace       used 51802K, capacity 52317K, committed 52480K, reserved 1095680K
  class space    used 6631K, capacity 6837K, committed 6912K, reserved 1048576K
}
Event: 8.206 GC heap after
{Heap after GC invocations=22 (full 0):
 garbage-first heap   total 67584K, used 22188K [0x00000000e0000000, 0x0000000100000000)
  region size 1024K, 4 young (4096K), 4 survivors (4096K)
 Metaspace       used 51802K, capacity 52317K, committed 52480K, reserved 1095680K
  class space    used 6631K, capacity 6837K, committed 6912K, reserved 1048576K
}
Event: 9.117 GC heap before
{Heap before GC invocations=22 (full 0):
 garbage-first heap   total 67584K, used 53932K [0x00000000e0000000, 0x0000000100000000)
  region size 1024K, 35 young (35840K), 4 survivors (4096K)
 Metaspace       used 58585K, capacity 59085K, committed 59392K, reserved 1101824K
  class space    used 7640K, capacity 7810K, committed 7936K, reserved 1048576K
}
Event: 9.130 GC heap after
{Heap after GC invocations=23 (full 0):
 garbage-first heap   total 67584K, used 23512K [0x00000000e0000000, 0x0000000100000000)
  region size 1024K, 4 young (4096K), 4 survivors (4096K)
 Metaspace       used 58585K, capacity 59085K, committed 59392K, reserved 1101824K
  class space    used 7640K, capacity 7810K, committed 7936K, reserved 1048576K
}
Event: 9.338 GC heap before
{Heap before GC invocations=23 (full 0):
 garbage-first heap   total 67584K, used 30680K [0x00000000e0000000, 0x0000000100000000)
  region size 1024K, 12 young (12288K), 4 survivors (4096K)
 Metaspace       used 59501K, capacity 60019K, committed 60160K, reserved 1101824K
  class space    used 7745K, capacity 7907K, committed 7936K, reserved 1048576K
}

